<?xml version="1.0" encoding="UTF-8"?>
<!-- Generated by org.testng.reporters.JUnitReportReporter -->
<testsuite hostname="LAPTOP-4BK93DVD" failures="0" tests="1" name="SampleAutomation.com.webapps.automate.assignment_1" time="16.052" errors="0" timestamp="2020-06-24T15:30:01 IST" skipped="0">
  <testcase classname="SampleAutomation.com.webapps.automate.assignment_1" name="demoQAtest" time="16.052"/>
  <system-out/>
</testsuite> <!-- SampleAutomation.com.webapps.automate.assignment_1 -->
